<?xml version="1.0" encoding="UTF-8"?>
<testsuite xmlns:xsi="http://www.w3.org/2001/XMLSchema-instance" xsi:noNamespaceSchemaLocation="https://maven.apache.org/surefire/maven-surefire-plugin/xsd/surefire-test-report-3.0.xsd" version="3.0" name="org.example.StudentAnalyzerTest" time="0.013" tests="5" errors="0" skipped="0" failures="0">
  <properties>
[...]
</properties>
  <testcase name="testCalculateValidAverageAllInvalid" classname="org.example.StudentAnalyzerTest" time="0.001"/>
  <testcase name="testCountExcellentStudentsEmptyList" classname="org.example.StudentAnalyzerTest" time="0.001"/>
  <testcase name="testCalculateValidAverage" classname="org.example.StudentAnalyzerTest" time="0.002"/>
  <testcase name="testCountExcellentStudentsWithInvalidScores" classname="org.example.StudentAnalyzerTest" time="0.0"/>
  <testcase name="testCountExcellentStudents" classname="org.example.StudentAnalyzerTest" time="0.001"/>
</testsuite>